<?xml version="1.0" encoding="UTF-8"?>
<!-- Generated by org.testng.reporters.JUnitReportReporter -->
<testsuite skipped="0" hostname="DESKTOP-9445UGT" name="CrossBrowserImplement" tests="1" failures="0" timestamp="23 Oct 2019 02:40:02 GMT" time="11.793" errors="0">
  <testcase name="testone" time="11.793" classname="CrossBrowserImplement"/>
</testsuite> <!-- CrossBrowserImplement -->
