<?xml version="1.0" encoding="UTF-8"?>
<!-- Generated by org.testng.reporters.JUnitReportReporter -->
<testsuite skipped="0" hostname="DESKTOP-9445UGT" name="com.common.Pracctticce" tests="1" failures="0" timestamp="30 Nov 2019 20:42:26 GMT" time="0.031" errors="0">
  <testcase name="aa" time="0.031" classname="com.common.Pracctticce"/>
</testsuite> <!-- com.common.Pracctticce -->
