<?xml version="1.0" encoding="UTF-8"?>
<!-- Generated by org.testng.reporters.JUnitReportReporter -->
<testsuite skipped="0" hostname="DESKTOP-9445UGT" name="com.testngpractice.TestngPractice" tests="1" failures="0" timestamp="11 Jan 2020 01:20:22 GMT" time="4.531" errors="0">
  <testcase name="testOne" time="4.531" classname="com.testngpractice.TestngPractice"/>
</testsuite> <!-- com.testngpractice.TestngPractice -->
