<?xml version="1.0" encoding="UTF-8"?>
<!-- Generated by org.testng.reporters.JUnitReportReporter -->
<testsuite skipped="0" hostname="DESKTOP-9445UGT" name="com.common.CrosBrowserTestindExpedia" tests="1" failures="0" timestamp="24 Oct 2019 02:13:10 GMT" time="21.857" errors="0">
  <testcase name="ss" time="21.857" classname="com.common.CrosBrowserTestindExpedia"/>
</testsuite> <!-- com.common.CrosBrowserTestindExpedia -->
